#
# There is insufficient memory for the Java Runtime Environment to continue.
# Native memory allocation (mmap) failed to map 266338304 bytes for G1 virtual space
# Possible reasons:
#   The system is out of physical RAM or swap space
#   The process is running with CompressedOops enabled, and the Java Heap may be blocking the growth of the native heap
# Possible solutions:
#   Reduce memory load on the system
#   Increase physical memory or swap space
#   Check if swap backing store is full
#   Decrease Java heap size (-Xmx/-Xms)
#   Decrease number of Java threads
#   Decrease Java thread stack sizes (-Xss)
#   Set larger code cache with -XX:ReservedCodeCacheSize=
#   JVM is running with Zero Based Compressed Oops mode in which the Java heap is
#     placed in the first 32GB address space. The Java Heap base address is the
#     maximum limit for the native heap growth. Please use -XX:HeapBaseMinAddress
#     to set the Java Heap base and to place the Java Heap above 32GB virtual address.
# This output file may be truncated or incomplete.
#
#  Out of Memory Error (os_windows.cpp:3541), pid=15556, tid=13580
#
# JRE version:  (17.0.5+9) (build )
# Java VM: Java HotSpot(TM) 64-Bit Server VM (17.0.5+9-LTS-191, mixed mode, emulated-client, sharing, tiered, compressed oops, compressed class ptrs, g1 gc, windows-amd64)
# No core dump will be written. Minidumps are not enabled by default on client versions of Windows
#

---------------  S U M M A R Y ------------

Command Line: -XX:TieredStopAtLevel=1 -Dspring.output.ansi.enabled=always -Dcom.sun.management.jmxremote -Dspring.jmx.enabled=true -Dspring.liveBeansView.mbeanDomain -Dspring.application.admin.enabled=true -Dmanagement.endpoints.jmx.exposure.include=* -javaagent:C:\Program Files\JetBrains\IntelliJ IDEA 2025.3.1.1\lib\idea_rt.jar=52833 -Dfile.encoding=UTF-8 com.uzum.jfinesandpenalties.JFinesAndPenaltiesApplication

Host: Intel(R) Core(TM) i5-10500H CPU @ 2.50GHz, 12 cores, 15G,  Windows 11 , 64 bit Build 26100 (10.0.26100.7623)
Time: Fri Feb 13 02:54:24 2026  Windows 11 , 64 bit Build 26100 (10.0.26100.7623) elapsed time: 0.273029 seconds (0d 0h 0m 0s)

---------------  T H R E A D  ---------------

Current thread (0x000001dc6f8629f0):  JavaThread "Unknown thread" [_thread_in_vm, id=13580, stack(0x000000af01100000,0x000000af01200000)]

Stack: [0x000000af01100000,0x000000af01200000]
Native frames: (J=compiled Java code, j=interpreted, Vv=VM code, C=native code)
V  [jvm.dll+0x672eea]
V  [jvm.dll+0x7d2a04]
V  [jvm.dll+0x7d41ae]
V  [jvm.dll+0x7d4813]
V  [jvm.dll+0x242c15]
V  [jvm.dll+0x66fe09]
V  [jvm.dll+0x664682]
V  [jvm.dll+0x300e8b]
V  [jvm.dll+0x308426]
V  [jvm.dll+0x357ffe]
V  [jvm.dll+0x35822f]
V  [jvm.dll+0x2d80a8]
V  [jvm.dll+0x2d9014]
V  [jvm.dll+0x7a44e1]
V  [jvm.dll+0x365df1]
V  [jvm.dll+0x7838fc]
V  [jvm.dll+0x3e873f]
V  [jvm.dll+0x3ea1e1]
C  [jli.dll+0x527b]
C  [ucrtbase.dll+0x37b0]
C  [KERNEL32.DLL+0x2e8d7]
C  [ntdll.dll+0x8c53c]


---------------  P R O C E S S  ---------------

Threads class SMR info:
_java_thread_list=0x00007ffb58cca8d8, length=0, elements={
}

Java Threads: ( => current thread )

Other Threads:
  0x000001dc6f8ce970 GCTaskThread "GC Thread#0" [stack: 0x000000af01200000,0x000000af01300000] [id=2392]
  0x000001dc6f8dba50 ConcurrentGCThread "G1 Main Marker" [stack: 0x000000af01300000,0x000000af01400000] [id=3808]
  0x000001dc7fbd27b0 ConcurrentGCThread "G1 Conc#0" [stack: 0x000000af01400000,0x000000af01500000] [id=11192]

[error occurred during error reporting (printing all threads), id 0xc0000005, EXCEPTION_ACCESS_VIOLATION (0xc0000005) at pc=0x00007ffb58518a97]

VM state: not at safepoint (not fully initialized)

VM Mutex/Monitor currently owned by a thread:  ([mutex/lock_event])
[0x000001dc6f860a30] Heap_lock - owner thread: 0x000001dc6f8629f0

Heap address: 0x0000000702c00000, size: 4052 MB, Compressed Oops mode: Zero based, Oop shift amount: 3

CDS archive(s) mapped at: [0x0000000000000000-0x0000000000000000-0x0000000000000000), size 0, SharedBaseAddress: 0x0000000800000000, ArchiveRelocationMode: 0.
Narrow klass base: 0x0000000000000000, Narrow klass shift: 0, Narrow klass range: 0x0

GC Precious Log:
<Empty>

Heap:
 garbage-first heap   total 0K, used 0K [0x0000000702c00000, 0x0000000800000000)
  region size 2048K, 0 young (0K), 0 survivors (0K)

[error occurred during error reporting (printing heap information), id 0xc0000005, EXCEPTION_ACCESS_VIOLATION (0xc0000005) at pc=0x00007ffb588fc399]

GC Heap History (0 events):
No events

Deoptimization events (0 events):
No events

Classes unloaded (0 events):
No events

Classes redefined (0 events):
No events

Internal exceptions (0 events):
No events

VM Operations (0 events):
No events

Events (1 events):
Event: 0.006 Loaded shared library C:\Program Files\Java\jdk-17.0.5\bin\java.dll


Dynamic libraries:
0x00007ff7a6420000 - 0x00007ff7a6430000 	C:\Program Files\Java\jdk-17.0.5\bin\java.exe
0x00007ffc22200000 - 0x00007ffc22467000 	C:\WINDOWS\SYSTEM32\ntdll.dll
0x00007ffc21eb0000 - 0x00007ffc21f79000 	C:\WINDOWS\System32\KERNEL32.DLL
0x00007ffc1fba0000 - 0x00007ffc1ff8f000 	C:\WINDOWS\System32\KERNELBASE.dll
0x00007ffc1fa50000 - 0x00007ffc1fb9b000 	C:\WINDOWS\System32\ucrtbase.dll
0x00007ffc11f50000 - 0x00007ffc11f68000 	C:\Program Files\Java\jdk-17.0.5\bin\jli.dll
0x00007ffc11e80000 - 0x00007ffc11e9a000 	C:\Program Files\Java\jdk-17.0.5\bin\VCRUNTIME140.dll
0x00007ffc22100000 - 0x00007ffc221b4000 	C:\WINDOWS\System32\ADVAPI32.dll
0x00007ffc22000000 - 0x00007ffc220a9000 	C:\WINDOWS\System32\msvcrt.dll
0x00007ffc20b70000 - 0x00007ffc20c16000 	C:\WINDOWS\System32\sechost.dll
0x00007ffc20950000 - 0x00007ffc20a68000 	C:\WINDOWS\System32\RPCRT4.dll
0x00007ffc20c20000 - 0x00007ffc20de5000 	C:\WINDOWS\System32\USER32.dll
0x00007ffc07780000 - 0x00007ffc07a13000 	C:\WINDOWS\WinSxS\amd64_microsoft.windows.common-controls_6595b64144ccf1df_6.0.26100.7309_none_3e05feeae336a044\COMCTL32.dll
0x00007ffc1f350000 - 0x00007ffc1f377000 	C:\WINDOWS\System32\win32u.dll
0x00007ffc21e80000 - 0x00007ffc21eab000 	C:\WINDOWS\System32\GDI32.dll
0x00007ffc1f5b0000 - 0x00007ffc1f6dc000 	C:\WINDOWS\System32\gdi32full.dll
0x00007ffc1f6e0000 - 0x00007ffc1f783000 	C:\WINDOWS\System32\msvcp_win.dll
0x00007ffc16ab0000 - 0x00007ffc16abb000 	C:\WINDOWS\SYSTEM32\VERSION.dll
0x00007ffc20df0000 - 0x00007ffc20e21000 	C:\WINDOWS\System32\IMM32.DLL
0x00007ffc1a300000 - 0x00007ffc1a30c000 	C:\Program Files\Java\jdk-17.0.5\bin\vcruntime140_1.dll
0x00007ffbf2ed0000 - 0x00007ffbf2f5d000 	C:\Program Files\Java\jdk-17.0.5\bin\msvcp140.dll
0x00007ffb58230000 - 0x00007ffb58df2000 	C:\Program Files\Java\jdk-17.0.5\bin\server\jvm.dll
0x00007ffc21c10000 - 0x00007ffc21c18000 	C:\WINDOWS\System32\PSAPI.DLL
0x00007ffc0d4d0000 - 0x00007ffc0d505000 	C:\WINDOWS\SYSTEM32\WINMM.dll
0x00007ffc06980000 - 0x00007ffc0698a000 	C:\WINDOWS\SYSTEM32\WSOCK32.dll
0x00007ffc21100000 - 0x00007ffc21174000 	C:\WINDOWS\System32\WS2_32.dll
0x00007ffc1e0c0000 - 0x00007ffc1e0db000 	C:\WINDOWS\SYSTEM32\kernel.appcore.dll
0x00007ffc11e70000 - 0x00007ffc11e7a000 	C:\Program Files\Java\jdk-17.0.5\bin\jimage.dll
0x00007ffc0c390000 - 0x00007ffc0c5d2000 	C:\WINDOWS\SYSTEM32\DBGHELP.DLL
0x00007ffc21180000 - 0x00007ffc21506000 	C:\WINDOWS\System32\combase.dll
0x00007ffc219a0000 - 0x00007ffc21a76000 	C:\WINDOWS\System32\OLEAUT32.dll
0x00007ffbf4610000 - 0x00007ffbf464c000 	C:\WINDOWS\SYSTEM32\dbgcore.DLL
0x00007ffc1f500000 - 0x00007ffc1f5a5000 	C:\WINDOWS\System32\bcryptPrimitives.dll
0x00007ffbf2ec0000 - 0x00007ffbf2ece000 	C:\Program Files\Java\jdk-17.0.5\bin\instrument.dll
0x00007ffbf92e0000 - 0x00007ffbf9305000 	C:\Program Files\Java\jdk-17.0.5\bin\java.dll

dbghelp: loaded successfully - version: 4.0.5 - missing functions: none
symbol engine: initialized successfully - sym options: 0x614 - pdb path: .;C:\Program Files\Java\jdk-17.0.5\bin;C:\WINDOWS\SYSTEM32;C:\WINDOWS\WinSxS\amd64_microsoft.windows.common-controls_6595b64144ccf1df_6.0.26100.7309_none_3e05feeae336a044;C:\Program Files\Java\jdk-17.0.5\bin\server

VM Arguments:
jvm_args: -XX:TieredStopAtLevel=1 -Dspring.output.ansi.enabled=always -Dcom.sun.management.jmxremote -Dspring.jmx.enabled=true -Dspring.liveBeansView.mbeanDomain -Dspring.application.admin.enabled=true -Dmanagement.endpoints.jmx.exposure.include=* -javaagent:C:\Program Files\JetBrains\IntelliJ IDEA 2025.3.1.1\lib\idea_rt.jar=52833 -Dfile.encoding=UTF-8 
java_command: com.uzum.jfinesandpenalties.JFinesAndPenaltiesApplication
java_class_path (initial): E:\IdeaProjects\j-FinesAndPenalties\build\classes\java\main;E:\IdeaProjects\j-FinesAndPenalties\build\resources\main;C:\Users\99899\.gradle\caches\modules-2\files-2.1\org.projectlombok\lombok\1.18.42\8365263844ebb62398e0dc33057ba10ba472d3b8\lombok-1.18.42.jar;C:\Users\99899\.gradle\caches\modules-2\files-2.1\org.springframework.boot\spring-boot-starter-data-jpa\4.0.2\9a0d38da3839a394509639490e6b9a359bfafdd6\spring-boot-starter-data-jpa-4.0.2.jar;C:\Users\99899\.gradle\caches\modules-2\files-2.1\org.springframework.boot\spring-boot-starter-flyway\4.0.2\f1c631016f1ef719df8f612f73d0ad6ebb7c0e0e\spring-boot-starter-flyway-4.0.2.jar;C:\Users\99899\.gradle\caches\modules-2\files-2.1\org.springframework.boot\spring-boot-starter-security\4.0.2\a97d41ff391b6f55cba01d88234a61769f18e245\spring-boot-starter-security-4.0.2.jar;C:\Users\99899\.gradle\caches\modules-2\files-2.1\org.springframework.boot\spring-boot-starter-validation\4.0.2\f4f23a7ac8485d50ef613a2b06812fd0f43ee083\spring-boot-starter-validation-4.0.2.jar;C:\Users\99899\.gradle\caches\modules-2\files-2.1\org.springframework.boot\spring-boot-starter-webmvc\4.0.2\90563663cdd252544fd7a8139d1c853740d8e61c\spring-boot-starter-webmvc-4.0.2.jar;C:\Users\99899\.gradle\caches\modules-2\files-2.1\org.flywaydb\flyway-database-postgresql\11.14.1\9d4df925a247eb7dcac1e812dc9ab9e81f5ec393\flyway-database-postgresql-11.14.1.jar;C:\Users\99899\.gradle\caches\modules-2\files-2.1\org.mapstruct\mapstruct\1.4.2.Final\68d82e631f75d073b3a432cb6cc1920fec57357b\mapstruct-1.4.2.Final.jar;C:\Users\99899\.gradle\caches\modules-2\files-2.1\org.springframework.boot\spring-boot-starter-kafka\4.0.2\286c2a3cd958b4022a23f750ad6abeecdd5579c8\spring-boot-starter-kafka-4.0.2.jar;C:\Users\99899\.gradle\caches\modules-2\files-2.1\org.springframework.boot\spring-boot-starter-restclient\4.0.2\b9142e8c1c10b171b4df2a571ad4f6db69a020c9\spring-boot-starter-restclient-4.0.2.jar;C:\Users\99899\.gradle\caches\modules-2\files-2.1\org.sp
Launcher Type: SUN_STANDARD

[Global flags]
     intx CICompilerCount                          = 4                                         {product} {ergonomic}
     uint ConcGCThreads                            = 3                                         {product} {ergonomic}
     uint G1ConcRefinementThreads                  = 10                                        {product} {ergonomic}
   size_t G1HeapRegionSize                         = 2097152                                   {product} {ergonomic}
    uintx GCDrainStackTargetSize                   = 64                                        {product} {ergonomic}
   size_t InitialHeapSize                          = 266338304                                 {product} {ergonomic}
     bool ManagementServer                         = true                                      {product} {command line}
   size_t MarkStackSize                            = 4194304                                   {product} {ergonomic}
   size_t MaxHeapSize                              = 4248829952                                {product} {ergonomic}
   size_t MinHeapDeltaBytes                        = 2097152                                   {product} {ergonomic}
   size_t MinHeapSize                              = 8388608                                   {product} {ergonomic}
    uintx NonProfiledCodeHeapSize                  = 0                                      {pd product} {ergonomic}
     bool ProfileInterpreter                       = false                                  {pd product} {command line}
    uintx ProfiledCodeHeapSize                     = 0                                      {pd product} {ergonomic}
   size_t SoftMaxHeapSize                          = 4248829952                             {manageable} {ergonomic}
     intx TieredStopAtLevel                        = 1                                         {product} {command line}
     bool UseCompressedClassPointers               = true                           {product lp64_product} {ergonomic}
     bool UseCompressedOops                        = true                           {product lp64_product} {ergonomic}
     bool UseG1GC                                  = true                                      {product} {ergonomic}
     bool UseLargePagesIndividualAllocation        = false                                  {pd product} {ergonomic}

Logging:
Log output configuration:
 #0: stdout all=warning uptime,level,tags
 #1: stderr all=off uptime,level,tags

Environment Variables:
JAVA_HOME=C:\Program Files\Java\jdk-21
PATH=C:\Program Files (x86)\Razer\ChromaBroadcast\bin;C:\Program Files\Razer\ChromaBroadcast\bin;C:\Program Files\Common Files\Oracle\Java\javapath;C:\WINDOWS\system32;C:\WINDOWS;C:\WINDOWS\System32\Wbem;C:\WINDOWS\System32\WindowsPowerShell\v1.0\;C:\WINDOWS\System32\OpenSSH\;C:\Program Files\Java\jdk-19\bin;C:\Program Files (x86)\NVIDIA Corporation\PhysX\Common;C:\ProgramData\chocolatey\bin;C:\WINDOWS\system32\config\systemprofile\AppData\Local\Microsoft\WindowsApps;C:\Program Files\Git\cmd;C:\Program Files\NVIDIA Corporation\NVIDIA app\NvDLISR;C:\WINDOWS\system32;C:\WINDOWS;C:\WINDOWS\System32\Wbem;C:\WINDOWS\System32\WindowsPowerShell\v1.0\;C:\WINDOWS\System32\OpenSSH\;C:\Program Files\Docker\Docker\resources\bin;C:\apache-jmeter-5.6.3\bin;C:\Users\99899\AppData\Local\Microsoft\WindowsApps;E:\GoLand 2023.2.5\bin;;C:\Program Files\adb plat\platform-tools;C:\Program Files\JetBrains\IntelliJ IDEA 2025.3.1.1\bin;D:\Program Files\apache-maven-3.9.10\bin;
USERNAME=99899
OS=Windows_NT
PROCESSOR_IDENTIFIER=Intel64 Family 6 Model 165 Stepping 2, GenuineIntel



---------------  S Y S T E M  ---------------

OS:
 Windows 11 , 64 bit Build 26100 (10.0.26100.7623)
OS uptime: 0 days 3:32 hours
Hyper-V role detected

CPU: total 12 (initial active 12) (6 cores per cpu, 2 threads per core) family 6 model 165 stepping 2 microcode 0xe2, cx8, cmov, fxsr, ht, mmx, 3dnowpref, sse, sse2, sse3, ssse3, sse4.1, sse4.2, popcnt, lzcnt, tsc, tscinvbit, avx, avx2, aes, erms, clmul, bmi1, bmi2, adx, fma, vzeroupper, clflush, clflushopt, hv

Memory: 4k page, system-wide physical 16205M (3194M free)
TotalPageFile size 18253M (AvailPageFile size 255M)
current process WorkingSet (physical memory assigned to process): 12M, peak: 12M
current process commit charge ("private bytes"): 59M, peak: 313M

vm_info: Java HotSpot(TM) 64-Bit Server VM (17.0.5+9-LTS-191) for windows-amd64 JRE (17.0.5+9-LTS-191), built on Sep 13 2022 17:31:43 by "mach5one" with MS VC++ 16.8 / 16.9 (VS2019)

END.
